VPP Version                 : 21.01-rc0~299-gfe4bccf94
Binapi-generator version    : govpp v0.4.0-dev
VPP Base commit             : 5f4f2081c nat: nat44 enable/disable dynamic config
------------------ Cherry picked commits --------------------
fe4bccf94 cnat: add input feature node
3df463ed0 vlib: Fix sh int addr
8c821785f cnat: Fix session with deleted tr
8a2040109 wireguard: run feature after gso
5c63b8dbd wireguard: return public key in api
05b208cbe Use 10us interrupt sleep
b1df00dcc capo: Calico Policies plugin
d14229414 acl: acl-plugin custom policies
bd0087578 virtio: DRAFT: multi tx support
528205c07 tap: fix the segv
7f9fad92b calico: CNAT extensions
2855e1a34 cnat: Fix throttle hash & cleanup
b3e324ab3 cnat: export src_policy fns
cc9c49d2e cnat: reduce compile time
40ced7475 cnat: Fix invalid adj_index
a297abc37 vlib: force input node interrupts to be unique
-------------------------------------------------------------
